2025-08-24 09:53:19 error: Non-Operational Error: Operation `users.findOne()` buffering timed out after 10000ms [ReqId: 47f07cda-048f-4192-b594-a9325aae5b2b]
Error: Operation `users.findOne()` buffering timed out after 10000ms
    at errorHandler (C:\Users\moham\Desktop\Project\XE\employee-daily-scheduler\src\middlewares\error.handler.ts:60:15)
    at Layer.handle_error (C:\Users\moham\Desktop\Project\XE\employee-daily-scheduler\node_modules\.pnpm\express@4.21.2\node_modules\express\lib\router\layer.js:71:5)
    at trim_prefix (C:\Users\moham\Desktop\Project\XE\employee-daily-scheduler\node_modules\.pnpm\express@4.21.2\node_modules\express\lib\router\index.js:326:13)
    at C:\Users\moham\Desktop\Project\XE\employee-daily-scheduler\node_modules\.pnpm\express@4.21.2\node_modules\express\lib\router\index.js:286:9
    at router.process_params (C:\Users\moham\Desktop\Project\XE\employee-daily-scheduler\node_modules\.pnpm\express@4.21.2\node_modules\express\lib\router\index.js:346:12)
    at next (C:\Users\moham\Desktop\Project\XE\employee-daily-scheduler\node_modules\.pnpm\express@4.21.2\node_modules\express\lib\router\index.js:280:10)
    at Layer.handle_error (C:\Users\moham\Desktop\Project\XE\employee-daily-scheduler\node_modules\.pnpm\express@4.21.2\node_modules\express\lib\router\layer.js:67:12)
    at trim_prefix (C:\Users\moham\Desktop\Project\XE\employee-daily-scheduler\node_modules\.pnpm\express@4.21.2\node_modules\express\lib\router\index.js:326:13)
    at C:\Users\moham\Desktop\Project\XE\employee-daily-scheduler\node_modules\.pnpm\express@4.21.2\node_modules\express\lib\router\index.js:286:9
    at param (C:\Users\moham\Desktop\Project\XE\employee-daily-scheduler\node_modules\.pnpm\express@4.21.2\node_modules\express\lib\router\index.js:365:14)
2025-08-24 09:54:51 error: Non-Operational Error: Operation `users.findOne()` buffering timed out after 10000ms [ReqId: 47f07cda-048f-4192-b594-a9325aae5b2b]
Error: Operation `users.findOne()` buffering timed out after 10000ms
    at errorHandler (C:\Users\moham\Desktop\Project\XE\employee-daily-scheduler\src\middlewares\error.handler.ts:60:15)
    at Layer.handle_error (C:\Users\moham\Desktop\Project\XE\employee-daily-scheduler\node_modules\.pnpm\express@4.21.2\node_modules\express\lib\router\layer.js:71:5)
    at trim_prefix (C:\Users\moham\Desktop\Project\XE\employee-daily-scheduler\node_modules\.pnpm\express@4.21.2\node_modules\express\lib\router\index.js:326:13)
    at C:\Users\moham\Desktop\Project\XE\employee-daily-scheduler\node_modules\.pnpm\express@4.21.2\node_modules\express\lib\router\index.js:286:9
    at router.process_params (C:\Users\moham\Desktop\Project\XE\employee-daily-scheduler\node_modules\.pnpm\express@4.21.2\node_modules\express\lib\router\index.js:346:12)
    at next (C:\Users\moham\Desktop\Project\XE\employee-daily-scheduler\node_modules\.pnpm\express@4.21.2\node_modules\express\lib\router\index.js:280:10)
    at Layer.handle_error (C:\Users\moham\Desktop\Project\XE\employee-daily-scheduler\node_modules\.pnpm\express@4.21.2\node_modules\express\lib\router\layer.js:67:12)
    at trim_prefix (C:\Users\moham\Desktop\Project\XE\employee-daily-scheduler\node_modules\.pnpm\express@4.21.2\node_modules\express\lib\router\index.js:326:13)
    at C:\Users\moham\Desktop\Project\XE\employee-daily-scheduler\node_modules\.pnpm\express@4.21.2\node_modules\express\lib\router\index.js:286:9
    at param (C:\Users\moham\Desktop\Project\XE\employee-daily-scheduler\node_modules\.pnpm\express@4.21.2\node_modules\express\lib\router\index.js:365:14)
2025-08-24 09:58:38 error: Non-Operational Error: not authorized on employee_scheduler to execute command { find: "users", filter: { email: "mohammad.98482@gmail.com" }, limit: 1, singleBatch: true, batchSize: 1, lsid: { id: UUID("663cb954-4dd4-4a7a-9996-0f0fc85b9608") }, $clusterTime: { clusterTime: Timestamp(1756007907, 1), signature: { hash: BinData(0, 6D52E3D562C1B5CE81341DBE2B76A3C63029CDBD), keyId: 7536214251971543043 } }, $db: "employee_scheduler" } [ReqId: cc5fb6fb-1b96-4507-9d4a-ddf786e37406]
Error: not authorized on employee_scheduler to execute command { find: "users", filter: { email: "mohammad.98482@gmail.com" }, limit: 1, singleBatch: true, batchSize: 1, lsid: { id: UUID("663cb954-4dd4-4a7a-9996-0f0fc85b9608") }, $clusterTime: { clusterTime: Timestamp(1756007907, 1), signature: { hash: BinData(0, 6D52E3D562C1B5CE81341DBE2B76A3C63029CDBD), keyId: 7536214251971543043 } }, $db: "employee_scheduler" }
    at errorHandler (C:\Users\moham\Desktop\Project\XE\employee-daily-scheduler\src\middlewares\error.handler.ts:60:15)
    at Layer.handle_error (C:\Users\moham\Desktop\Project\XE\employee-daily-scheduler\node_modules\.pnpm\express@4.21.2\node_modules\express\lib\router\layer.js:71:5)
    at trim_prefix (C:\Users\moham\Desktop\Project\XE\employee-daily-scheduler\node_modules\.pnpm\express@4.21.2\node_modules\express\lib\router\index.js:326:13)
    at C:\Users\moham\Desktop\Project\XE\employee-daily-scheduler\node_modules\.pnpm\express@4.21.2\node_modules\express\lib\router\index.js:286:9
    at router.process_params (C:\Users\moham\Desktop\Project\XE\employee-daily-scheduler\node_modules\.pnpm\express@4.21.2\node_modules\express\lib\router\index.js:346:12)
    at next (C:\Users\moham\Desktop\Project\XE\employee-daily-scheduler\node_modules\.pnpm\express@4.21.2\node_modules\express\lib\router\index.js:280:10)
    at Layer.handle_error (C:\Users\moham\Desktop\Project\XE\employee-daily-scheduler\node_modules\.pnpm\express@4.21.2\node_modules\express\lib\router\layer.js:67:12)
    at trim_prefix (C:\Users\moham\Desktop\Project\XE\employee-daily-scheduler\node_modules\.pnpm\express@4.21.2\node_modules\express\lib\router\index.js:326:13)
    at C:\Users\moham\Desktop\Project\XE\employee-daily-scheduler\node_modules\.pnpm\express@4.21.2\node_modules\express\lib\router\index.js:286:9
    at param (C:\Users\moham\Desktop\Project\XE\employee-daily-scheduler\node_modules\.pnpm\express@4.21.2\node_modules\express\lib\router\index.js:365:14)
2025-08-24 09:59:43 error: Non-Operational Error: not authorized on employee_scheduler to execute command { find: "users", filter: { email: "mohammad.98482@gmail.com" }, limit: 1, singleBatch: true, batchSize: 1, lsid: { id: UUID("d9f6dc9a-43ca-44b3-946f-0adf1d06eaef") }, $clusterTime: { clusterTime: Timestamp(1756007967, 1), signature: { hash: BinData(0, 576B4F9E89C1294FBD6D64CEB7F0E1E077CB5330), keyId: 7536214251971543043 } }, $db: "employee_scheduler" } [ReqId: 8092a0c9-a70f-489a-b465-de1238cf7b85]
Error: not authorized on employee_scheduler to execute command { find: "users", filter: { email: "mohammad.98482@gmail.com" }, limit: 1, singleBatch: true, batchSize: 1, lsid: { id: UUID("d9f6dc9a-43ca-44b3-946f-0adf1d06eaef") }, $clusterTime: { clusterTime: Timestamp(1756007967, 1), signature: { hash: BinData(0, 576B4F9E89C1294FBD6D64CEB7F0E1E077CB5330), keyId: 7536214251971543043 } }, $db: "employee_scheduler" }
    at errorHandler (C:\Users\moham\Desktop\Project\XE\employee-daily-scheduler\src\middlewares\error.handler.ts:60:15)
    at Layer.handle_error (C:\Users\moham\Desktop\Project\XE\employee-daily-scheduler\node_modules\.pnpm\express@4.21.2\node_modules\express\lib\router\layer.js:71:5)
    at trim_prefix (C:\Users\moham\Desktop\Project\XE\employee-daily-scheduler\node_modules\.pnpm\express@4.21.2\node_modules\express\lib\router\index.js:326:13)
    at C:\Users\moham\Desktop\Project\XE\employee-daily-scheduler\node_modules\.pnpm\express@4.21.2\node_modules\express\lib\router\index.js:286:9
    at router.process_params (C:\Users\moham\Desktop\Project\XE\employee-daily-scheduler\node_modules\.pnpm\express@4.21.2\node_modules\express\lib\router\index.js:346:12)
    at next (C:\Users\moham\Desktop\Project\XE\employee-daily-scheduler\node_modules\.pnpm\express@4.21.2\node_modules\express\lib\router\index.js:280:10)
    at Layer.handle_error (C:\Users\moham\Desktop\Project\XE\employee-daily-scheduler\node_modules\.pnpm\express@4.21.2\node_modules\express\lib\router\layer.js:67:12)
    at trim_prefix (C:\Users\moham\Desktop\Project\XE\employee-daily-scheduler\node_modules\.pnpm\express@4.21.2\node_modules\express\lib\router\index.js:326:13)
    at C:\Users\moham\Desktop\Project\XE\employee-daily-scheduler\node_modules\.pnpm\express@4.21.2\node_modules\express\lib\router\index.js:286:9
    at param (C:\Users\moham\Desktop\Project\XE\employee-daily-scheduler\node_modules\.pnpm\express@4.21.2\node_modules\express\lib\router\index.js:365:14)
2025-08-24 10:00:09 error: Non-Operational Error: not authorized on employee_scheduler to execute command { find: "users", filter: { email: "mohammad.98482@gmail.com" }, limit: 1, singleBatch: true, batchSize: 1, lsid: { id: UUID("d9f6dc9a-43ca-44b3-946f-0adf1d06eaef") }, $clusterTime: { clusterTime: Timestamp(1756007977, 1), signature: { hash: BinData(0, 87778E30DD48BAC511D64161D127A9130BE2ABC6), keyId: 7536214251971543043 } }, $db: "employee_scheduler" } [ReqId: dbdcd098-22d4-4dd3-8f2f-0f41293147da]
Error: not authorized on employee_scheduler to execute command { find: "users", filter: { email: "mohammad.98482@gmail.com" }, limit: 1, singleBatch: true, batchSize: 1, lsid: { id: UUID("d9f6dc9a-43ca-44b3-946f-0adf1d06eaef") }, $clusterTime: { clusterTime: Timestamp(1756007977, 1), signature: { hash: BinData(0, 87778E30DD48BAC511D64161D127A9130BE2ABC6), keyId: 7536214251971543043 } }, $db: "employee_scheduler" }
    at errorHandler (C:\Users\moham\Desktop\Project\XE\employee-daily-scheduler\src\middlewares\error.handler.ts:60:15)
    at Layer.handle_error (C:\Users\moham\Desktop\Project\XE\employee-daily-scheduler\node_modules\.pnpm\express@4.21.2\node_modules\express\lib\router\layer.js:71:5)
    at trim_prefix (C:\Users\moham\Desktop\Project\XE\employee-daily-scheduler\node_modules\.pnpm\express@4.21.2\node_modules\express\lib\router\index.js:326:13)
    at C:\Users\moham\Desktop\Project\XE\employee-daily-scheduler\node_modules\.pnpm\express@4.21.2\node_modules\express\lib\router\index.js:286:9
    at router.process_params (C:\Users\moham\Desktop\Project\XE\employee-daily-scheduler\node_modules\.pnpm\express@4.21.2\node_modules\express\lib\router\index.js:346:12)
    at next (C:\Users\moham\Desktop\Project\XE\employee-daily-scheduler\node_modules\.pnpm\express@4.21.2\node_modules\express\lib\router\index.js:280:10)
    at Layer.handle_error (C:\Users\moham\Desktop\Project\XE\employee-daily-scheduler\node_modules\.pnpm\express@4.21.2\node_modules\express\lib\router\layer.js:67:12)
    at trim_prefix (C:\Users\moham\Desktop\Project\XE\employee-daily-scheduler\node_modules\.pnpm\express@4.21.2\node_modules\express\lib\router\index.js:326:13)
    at C:\Users\moham\Desktop\Project\XE\employee-daily-scheduler\node_modules\.pnpm\express@4.21.2\node_modules\express\lib\router\index.js:286:9
    at param (C:\Users\moham\Desktop\Project\XE\employee-daily-scheduler\node_modules\.pnpm\express@4.21.2\node_modules\express\lib\router\index.js:365:14)
